<?xml version="1.0" encoding="UTF-8"?>
<!-- Generated by org.testng.reporters.JUnitReportReporter -->
<testsuite hostname="Masum" failures="0" tests="2" name="com.parabank.testCases.PB_Bill_Pay_TestCase" time="61.293" errors="0" timestamp="2023-07-11T19:27:17 IST" skipped="0">
  <testcase classname="com.parabank.testCases.PB_Bill_Pay_TestCase" name="BillPayWithValidDetailsTest" time="36.936"/>
  <testcase classname="com.parabank.testCases.PB_Bill_Pay_TestCase" name="BillPayWithoutAmountTest" time="24.357"/>
</testsuite> <!-- com.parabank.testCases.PB_Bill_Pay_TestCase -->
