<?xml version="1.0" encoding="UTF-8"?>
<!-- Generated by org.testng.reporters.JUnitReportReporter -->
<testsuite hostname="Masum" failures="0" tests="3" name="com.parabank.testCases.PB_Login_TestCase" time="13.096" errors="0" timestamp="2023-06-20T20:47:26 IST" skipped="0">
  <testcase classname="com.parabank.testCases.PB_Login_TestCase" name="loginTest" time="7.517"/>
  <testcase classname="com.parabank.testCases.PB_Login_TestCase" name="loginTestInvalidCredentials" time="0.570"/>
  <testcase classname="com.parabank.testCases.PB_Login_TestCase" name="loginTestWithoutCredentials" time="5.009"/>
</testsuite> <!-- com.parabank.testCases.PB_Login_TestCase -->
