<?xml version="1.0" encoding="UTF-8"?>
<!-- Generated by org.testng.reporters.JUnitReportReporter -->
<testsuite hostname="Masum" failures="0" tests="3" name="com.parabank.testCases.PB_Login_TestCase" time="12.632" errors="0" timestamp="2023-06-21T02:15:01 IST" skipped="0">
  <testcase classname="com.parabank.testCases.PB_Login_TestCase" name="loginTest" time="7.110"/>
  <testcase classname="com.parabank.testCases.PB_Login_TestCase" name="loginTestInvalidCredentials" time="0.510"/>
  <testcase classname="com.parabank.testCases.PB_Login_TestCase" name="loginTestWithoutCredentials" time="5.012"/>
</testsuite> <!-- com.parabank.testCases.PB_Login_TestCase -->
