<?xml version="1.0" encoding="UTF-8"?>
<!-- Generated by org.testng.reporters.JUnitReportReporter -->
<testsuite hostname="Masum" failures="0" tests="2" name="com.parabank.testCases.PB_Bill_Pay_TestCase" time="25.767" errors="0" timestamp="2023-08-03T19:53:23 IST" skipped="0">
  <testcase classname="com.parabank.testCases.PB_Bill_Pay_TestCase" name="BillPayWithValidDetailsTest" time="19.094"/>
  <testcase classname="com.parabank.testCases.PB_Bill_Pay_TestCase" name="BillPayWithoutAmountTest" time="6.673"/>
</testsuite> <!-- com.parabank.testCases.PB_Bill_Pay_TestCase -->
