<?xml version="1.0" encoding="UTF-8"?>
<!-- Generated by org.testng.reporters.JUnitReportReporter -->
<testsuite hostname="Masum" failures="0" tests="1" name="com.parabank.testCases.PB_TransferFunds_TestCase" time="18.556" errors="0" timestamp="2023-06-20T23:35:10 IST" skipped="0">
  <testcase classname="com.parabank.testCases.PB_TransferFunds_TestCase" name="TransferFundsTest" time="18.556"/>
</testsuite> <!-- com.parabank.testCases.PB_TransferFunds_TestCase -->
