<?xml version="1.0" encoding="UTF-8"?>
<!-- Generated by org.testng.reporters.JUnitReportReporter -->
<testsuite hostname="Masum" failures="0" tests="2" name="com.parabank.testCases.PB_Bill_Pay_TestCase" time="26.287" errors="0" timestamp="2023-06-22T00:26:33 IST" skipped="0">
  <testcase classname="com.parabank.testCases.PB_Bill_Pay_TestCase" name="BillPayWithValidDetailsTest" time="19.619"/>
  <testcase classname="com.parabank.testCases.PB_Bill_Pay_TestCase" name="BillPayWithoutAmountTest" time="6.668"/>
</testsuite> <!-- com.parabank.testCases.PB_Bill_Pay_TestCase -->
