<?xml version="1.0" encoding="UTF-8"?>
<!-- Generated by org.testng.reporters.JUnitReportReporter -->
<testsuite hostname="Masum" failures="0" tests="1" name="com.parabank.testCases.PB_OpenNewAccount_TestCase" time="19.795" errors="0" timestamp="2023-08-03T21:48:43 IST" skipped="0">
  <testcase classname="com.parabank.testCases.PB_OpenNewAccount_TestCase" name="OpenNewAccountTest" time="19.795"/>
</testsuite> <!-- com.parabank.testCases.PB_OpenNewAccount_TestCase -->
