<?xml version="1.0" encoding="UTF-8"?>
<!-- Generated by org.testng.reporters.JUnitReportReporter -->
<testsuite hostname="Masum" failures="0" tests="1" name="com.parabank.testCases.PB_Login_TestCase" time="1.018" errors="0" timestamp="2023-06-18T02:36:06 IST" skipped="0">
  <testcase classname="com.parabank.testCases.PB_Login_TestCase" name="loginTest" time="1.018"/>
</testsuite> <!-- com.parabank.testCases.PB_Login_TestCase -->
