<?xml version="1.0" encoding="UTF-8"?>
<!-- Generated by org.testng.reporters.JUnitReportReporter -->
<testsuite hostname="Masum" failures="0" tests="1" name="com.parabank.testCases.PB_OpenNewAccount_TestCase" time="20.666" errors="0" timestamp="2023-06-21T02:15:01 IST" skipped="0">
  <testcase classname="com.parabank.testCases.PB_OpenNewAccount_TestCase" name="OpenNewAccountTest" time="20.666"/>
</testsuite> <!-- com.parabank.testCases.PB_OpenNewAccount_TestCase -->
