<?xml version="1.0" encoding="UTF-8"?>
<!-- Generated by org.testng.reporters.JUnitReportReporter -->
<testsuite hostname="Masum" failures="0" tests="1" name="com.parabank.testCases.PB_Register_TestCase" time="5.603" errors="0" timestamp="2023-07-14T22:50:12 IST" skipped="0">
  <testcase classname="com.parabank.testCases.PB_Register_TestCase" name="RegisterTest" time="5.603"/>
</testsuite> <!-- com.parabank.testCases.PB_Register_TestCase -->
