<?xml version="1.0" encoding="UTF-8"?>
<!-- Generated by org.testng.reporters.JUnitReportReporter -->
<testsuite hostname="Masum" failures="0" tests="1" name="com.parabank.testCases.PB_Register_TestCase" time="5.263" errors="0" timestamp="2023-07-11T19:27:17 IST" skipped="0">
  <testcase classname="com.parabank.testCases.PB_Register_TestCase" name="RegisterTest" time="5.263"/>
</testsuite> <!-- com.parabank.testCases.PB_Register_TestCase -->
