<?xml version="1.0" encoding="UTF-8"?>
<!-- Generated by org.testng.reporters.JUnitReportReporter -->
<testsuite hostname="Masum" failures="0" tests="2" name="com.parabank.testCases.PB_TransferFunds_TestCase" time="19.223" errors="0" timestamp="2023-08-03T17:17:57 IST" skipped="0">
  <testcase classname="com.parabank.testCases.PB_TransferFunds_TestCase" name="TransferFundsWithoutAmountTest" time="11.972"/>
  <testcase classname="com.parabank.testCases.PB_TransferFunds_TestCase" name="TransferFundsWithValidDetailsTest" time="7.251"/>
</testsuite> <!-- com.parabank.testCases.PB_TransferFunds_TestCase -->
