<?xml version="1.0" encoding="UTF-8"?>
<!-- Generated by org.testng.reporters.JUnitReportReporter -->
<testsuite hostname="Masum" failures="0" tests="2" name="com.parabank.testCases.PB_Bill_Pay_TestCase" time="24.957" errors="0" timestamp="2023-06-26T17:49:21 IST" skipped="0">
  <testcase classname="com.parabank.testCases.PB_Bill_Pay_TestCase" name="BillPayWithValidDetailsTest" time="18.292"/>
  <testcase classname="com.parabank.testCases.PB_Bill_Pay_TestCase" name="BillPayWithoutAmountTest" time="6.665"/>
</testsuite> <!-- com.parabank.testCases.PB_Bill_Pay_TestCase -->
