<?xml version="1.0" encoding="UTF-8"?>
<!-- Generated by org.testng.reporters.JUnitReportReporter -->
<testsuite hostname="Masum" failures="0" tests="2" name="com.parabank.testCases.PB_TransferFunds_TestCase" time="20.528" errors="0" timestamp="2023-06-22T00:26:33 IST" skipped="0">
  <testcase classname="com.parabank.testCases.PB_TransferFunds_TestCase" name="TransferFundsWithoutAmountTest" time="13.393"/>
  <testcase classname="com.parabank.testCases.PB_TransferFunds_TestCase" name="TransferFundsWithValidDetailsTest" time="7.135"/>
</testsuite> <!-- com.parabank.testCases.PB_TransferFunds_TestCase -->
