<?xml version="1.0" encoding="UTF-8"?>
<!-- Generated by org.testng.reporters.JUnitReportReporter -->
<testsuite hostname="Masum" failures="0" tests="2" name="com.parabank.testCases.PB_TransferFunds_TestCase" time="19.237" errors="0" timestamp="2023-09-01T01:29:55 IST" skipped="0">
  <testcase classname="com.parabank.testCases.PB_TransferFunds_TestCase" name="TransferFundsWithoutAmountTest" time="11.454"/>
  <testcase classname="com.parabank.testCases.PB_TransferFunds_TestCase" name="TransferFundsWithValidDetailsTest" time="7.783"/>
</testsuite> <!-- com.parabank.testCases.PB_TransferFunds_TestCase -->
