<?xml version="1.0" encoding="UTF-8"?>
<!-- Generated by org.testng.reporters.JUnitReportReporter -->
<testsuite hostname="Masum" failures="0" tests="1" name="com.parabank.testCases.PB_Register_TestCase" time="2.394" errors="0" timestamp="2023-06-18T02:36:06 IST" skipped="0">
  <testcase classname="com.parabank.testCases.PB_Register_TestCase" name="RegisterTest" time="2.394"/>
</testsuite> <!-- com.parabank.testCases.PB_Register_TestCase -->
