<?xml version="1.0" encoding="UTF-8"?>
<!-- Generated by org.testng.reporters.JUnitReportReporter -->
<testsuite hostname="Masum" failures="0" tests="3" name="com.parabank.testCases.PB_Login_TestCase" time="11.799" errors="0" timestamp="2023-06-20T23:35:10 IST" skipped="0">
  <testcase classname="com.parabank.testCases.PB_Login_TestCase" name="loginTest" time="6.268"/>
  <testcase classname="com.parabank.testCases.PB_Login_TestCase" name="loginTestInvalidCredentials" time="0.524"/>
  <testcase classname="com.parabank.testCases.PB_Login_TestCase" name="loginTestWithoutCredentials" time="5.007"/>
</testsuite> <!-- com.parabank.testCases.PB_Login_TestCase -->
