<?xml version="1.0" encoding="UTF-8"?>
<!-- Generated by org.testng.reporters.JUnitReportReporter -->
<testsuite hostname="Masum" failures="0" tests="1" name="com.parabank.testCases.PB_OpenNewAccount_TestCase" time="18.800" errors="0" timestamp="2023-08-05T22:30:46 IST" skipped="0">
  <testcase classname="com.parabank.testCases.PB_OpenNewAccount_TestCase" name="OpenNewAccountTest" time="18.800"/>
</testsuite> <!-- com.parabank.testCases.PB_OpenNewAccount_TestCase -->
